  allocator.cpp
  clusterizer.cpp
  indexcodec.cpp
  indexgenerator.cpp
  overdrawanalyzer.cpp
  overdrawoptimizer.cpp
  simplifier.cpp
  spatialorder.cpp
  stripifier.cpp
  vcacheanalyzer.cpp
  vcacheoptimizer.cpp
  vertexcodec.cpp
  vertexfilter.cpp
  vfetchanalyzer.cpp
  vfetchoptimizer.cpp
  xcore.cpp
C:\Users\David\Documents\Sandbox\CSD2150-Geom-Compiler\Dependencies\xcore\src\xcore_target.h(200,10): fatal error C1083: Cannot open include file: 'xcore_user_settings.h': No such file or directory
  xcore_profiler_1.cpp
C:\Users\David\Documents\Sandbox\CSD2150-Geom-Compiler\Dependencies\xcore\src\xcore_target.h(200,10): fatal error C1083: Cannot open include file: 'xcore_user_settings.h': No such file or directory
  xcore_profiler_2.cpp
C:\Users\David\Documents\Sandbox\CSD2150-Geom-Compiler\Dependencies\xcore\src\xcore_target.h(200,10): fatal error C1083: Cannot open include file: 'xcore_user_settings.h': No such file or directory
  geom_complier.cpp
C:\Users\David\Documents\Sandbox\CSD2150-Geom-Compiler\Dependencies\xcore\src\xcore_target.h(200,10): fatal error C1083: Cannot open include file: 'xcore_user_settings.h': No such file or directory
  Generating Code...
