  allocator.cpp
  clusterizer.cpp
  indexcodec.cpp
  indexgenerator.cpp
  overdrawanalyzer.cpp
  overdrawoptimizer.cpp
  simplifier.cpp
  spatialorder.cpp
  stripifier.cpp
  vcacheanalyzer.cpp
  vcacheoptimizer.cpp
  vertexcodec.cpp
  vertexfilter.cpp
  vfetchanalyzer.cpp
  vfetchoptimizer.cpp
  xcore.cpp
  The contents of <variant> are available only with C++17 or later.
  The contents of <filesystem> are available only with C++17 or later.
C:\Users\david\Documents\GitHub\CSD2150-Geom-Compiler\Dependencies\xcore\src\xcore_target.h(46,1): error C2429: language feature 'nested-namespace-definition' requires compiler flag '/std:c++17'
C:\Users\david\Documents\GitHub\CSD2150-Geom-Compiler\Dependencies\xcore\src\xcore_target.h(200,10): fatal error C1083: Cannot open include file: 'xcore_user_settings.h': No such file or directory
  xcore_profiler_1.cpp
C:\Users\david\Documents\GitHub\CSD2150-Geom-Compiler\Dependencies\xcore\src\xcore_target.h(46,1): error C2429: language feature 'nested-namespace-definition' requires compiler flag '/std:c++17'
C:\Users\david\Documents\GitHub\CSD2150-Geom-Compiler\Dependencies\xcore\src\xcore_target.h(200,10): fatal error C1083: Cannot open include file: 'xcore_user_settings.h': No such file or directory
  xcore_profiler_2.cpp
C:\Users\david\Documents\GitHub\CSD2150-Geom-Compiler\Dependencies\xcore\src\xcore_target.h(46,1): error C2429: language feature 'nested-namespace-definition' requires compiler flag '/std:c++17'
C:\Users\david\Documents\GitHub\CSD2150-Geom-Compiler\Dependencies\xcore\src\xcore_target.h(200,10): fatal error C1083: Cannot open include file: 'xcore_user_settings.h': No such file or directory
  geom_complier.cpp
  Generating Code...
