c:\users\david\documents\github\csd2150-geom-compiler\build\geom_complier\debug\vc142.pdb
c:\users\david\documents\github\csd2150-geom-compiler\build\geom_complier\debug\vc142.idb
c:\users\david\documents\github\csd2150-geom-compiler\build\geom_complier\debug\vfetchoptimizer.obj
c:\users\david\documents\github\csd2150-geom-compiler\build\geom_complier\debug\vfetchanalyzer.obj
c:\users\david\documents\github\csd2150-geom-compiler\build\geom_complier\debug\vertexfilter.obj
c:\users\david\documents\github\csd2150-geom-compiler\build\geom_complier\debug\vertexcodec.obj
c:\users\david\documents\github\csd2150-geom-compiler\build\geom_complier\debug\vcacheoptimizer.obj
c:\users\david\documents\github\csd2150-geom-compiler\build\geom_complier\debug\vcacheanalyzer.obj
c:\users\david\documents\github\csd2150-geom-compiler\build\geom_complier\debug\stripifier.obj
c:\users\david\documents\github\csd2150-geom-compiler\build\geom_complier\debug\spatialorder.obj
c:\users\david\documents\github\csd2150-geom-compiler\build\geom_complier\debug\simplifier.obj
c:\users\david\documents\github\csd2150-geom-compiler\build\geom_complier\debug\overdrawoptimizer.obj
c:\users\david\documents\github\csd2150-geom-compiler\build\geom_complier\debug\overdrawanalyzer.obj
c:\users\david\documents\github\csd2150-geom-compiler\build\geom_complier\debug\indexgenerator.obj
c:\users\david\documents\github\csd2150-geom-compiler\build\geom_complier\debug\indexcodec.obj
c:\users\david\documents\github\csd2150-geom-compiler\build\geom_complier\debug\clusterizer.obj
c:\users\david\documents\github\csd2150-geom-compiler\build\geom_complier\debug\allocator.obj
c:\users\david\documents\github\csd2150-geom-compiler\build\geom_complier\debug\geom_complier.tlog\cl.command.1.tlog
c:\users\david\documents\github\csd2150-geom-compiler\build\geom_complier\debug\geom_complier.tlog\cl.read.1.tlog
c:\users\david\documents\github\csd2150-geom-compiler\build\geom_complier\debug\geom_complier.tlog\cl.write.1.tlog
